[22:46:50] [main/INFO] (Quilt Loader/GameProvider) Loading Minecraft 1.19 with Quilt Loader 0.17.1-beta.4
[22:46:50] [main/INFO] (Quilt Loader) Loading 74 mods:
	- architectury 5.6.22
	- cloth-basic-math 0.6.1
	- cloth-config 7.0.72
	- fiber 0.23.0-2
	- generated_1479518 1.0.0
	- generated_ecc7663 1.0.0
	- java 17
	- minecraft 1.19
	- modmenu 4.0.0
	- patchouli 1.19-74-FABRIC-SNAPSHOT
	- qkl 0.1.0-SNAPSHOT
	- qkl_core 0.1.0-SNAPSHOT
	- qkl_minecraft 0.1.0-SNAPSHOT
	- qkl_qsl 0.1.0-SNAPSHOT
	- quilt_base 2.0.0-beta.9+1.19
	- quilt_biome 2.0.0-beta.9+1.19
	- quilt_block_entity 2.0.0-beta.9+1.19
	- quilt_block_extensions 2.0.0-beta.9+1.19
	- quilt_client_command 2.0.0-beta.9+1.19
	- quilt_command 2.0.0-beta.9+1.19
	- quilt_crash_info 2.0.0-beta.9+1.19
	- quilt_dimension 2.0.0-beta.9+1.19
	- quilt_item_group 2.0.0-beta.9+1.19
	- quilt_item_setting 2.0.0-beta.9+1.19
	- quilt_lifecycle_events 2.0.0-beta.9+1.19
	- quilt_loader 0.17.1-beta.4
	- quilt_networking 2.0.0-beta.9+1.19
	- quilt_recipe 2.0.0-beta.9+1.19
	- quilt_registry 2.0.0-beta.9+1.19
	- quilt_registry_entry_attachments 2.0.0-beta.9+1.19
	- quilt_resource_loader 2.0.0-beta.9+1.19
	- quilt_screen 2.0.0-beta.9+1.19
	- quilt_tags 2.0.0-beta.9+1.19
	- quilt_tooltip 2.0.0-beta.9+1.19
	- quilted_fabric_api 2.0.0-beta.3+0.57.0-1.19
	- quilted_fabric_api_base 2.0.0-beta.3+0.57.0-1.19
	- quilted_fabric_api_lookup_api_v1 2.0.0-beta.3+0.57.0-1.19
	- quilted_fabric_biome_api_v1 2.0.0-beta.3+0.57.0-1.19
	- quilted_fabric_blockrenderlayer_v1 2.0.0-beta.3+0.57.0-1.19
	- quilted_fabric_command_api_v2 2.0.0-beta.3+0.57.0-1.19
	- quilted_fabric_content_registries_v0 2.0.0-beta.3+0.57.0-1.19
	- quilted_fabric_convention_tags_api_v1 2.0.0-beta.3+0.57.0-1.19
	- quilted_fabric_crash_report_info_v1 2.0.0-beta.3+0.57.0-1.19
	- quilted_fabric_data_generation_api_v1 2.0.0-beta.3+0.57.0-1.19
	- quilted_fabric_dimensions_v1 2.0.0-beta.3+0.57.0-1.19
	- quilted_fabric_entity_events_v1 2.0.0-beta.3+0.57.0-1.19
	- quilted_fabric_events_interaction_v0 2.0.0-beta.3+0.57.0-1.19
	- quilted_fabric_game_rule_api_v1 2.0.0-beta.3+0.57.0-1.19
	- quilted_fabric_gametest_api_v1 2.0.0-beta.3+0.57.0-1.19
	- quilted_fabric_item_api_v1 2.0.0-beta.3+0.57.0-1.19
	- quilted_fabric_item_groups_v0 2.0.0-beta.3+0.57.0-1.19
	- quilted_fabric_key_binding_api_v1 2.0.0-beta.3+0.57.0-1.19
	- quilted_fabric_lifecycle_events_v1 2.0.0-beta.3+0.57.0-1.19
	- quilted_fabric_loot_api_v2 2.0.0-beta.3+0.57.0-1.19
	- quilted_fabric_message_api_v1 2.0.0-beta.3+0.57.0-1.19
	- quilted_fabric_mining_level_api_v1 2.0.0-beta.3+0.57.0-1.19
	- quilted_fabric_models_v0 2.0.0-beta.3+0.57.0-1.19
	- quilted_fabric_networking_api_v1 2.0.0-beta.3+0.57.0-1.19
	- quilted_fabric_object_builder_api_v1 2.0.0-beta.3+0.57.0-1.19
	- quilted_fabric_particles_v1 2.0.0-beta.3+0.57.0-1.19
	- quilted_fabric_registry_sync_v0 2.0.0-beta.3+0.57.0-1.19
	- quilted_fabric_renderer_api_v1 2.0.0-beta.3+0.57.0-1.19
	- quilted_fabric_renderer_indigo 2.0.0-beta.3+0.57.0-1.19
	- quilted_fabric_rendering_data_attachment_v1 2.0.0-beta.3+0.57.0-1.19
	- quilted_fabric_rendering_fluids_v1 2.0.0-beta.3+0.57.0-1.19
	- quilted_fabric_rendering_v1 2.0.0-beta.3+0.57.0-1.19
	- quilted_fabric_resource_conditions_api_v1 2.0.0-beta.3+0.57.0-1.19
	- quilted_fabric_resource_loader_v0 2.0.0-beta.3+0.57.0-1.19
	- quilted_fabric_screen_api_v1 2.0.0-beta.3+0.57.0-1.19
	- quilted_fabric_screen_handler_api_v1 2.0.0-beta.3+0.57.0-1.19
	- quilted_fabric_textures_v0 2.0.0-beta.3+0.57.0-1.19
	- quilted_fabric_transfer_api_v1 2.0.0-beta.3+0.57.0-1.19
	- quilted_fabric_transitive_access_wideners_v1 2.0.0-beta.3+0.57.0-1.19
	- rpmtw_platform_mod 1.4.0
[22:46:51] [main/INFO] (Quilt Loader/Mixin) SpongePowered MIXIN Subsystem Version=0.8.5 Source=file:/C:/Users/benny/.gradle/caches/modules-2/files-2.1/net.fabricmc/sponge-mixin/0.11.2+mixin.0.8.5/f4ae569d559b5e3244b67321945261d83ff7ad8e/sponge-mixin-0.11.2+mixin.0.8.5.jar Service=Knot/Quilt Env=CLIENT
[22:46:51] [main/INFO] (Quilt Loader/Mixin) Loaded Quilt development mappings for mixin remapper!
[22:46:51] [main/INFO] (Quilt Loader/Mixin) Compatibility level set to JAVA_17
[22:46:54] [main/INFO] (Minecraft) Building optimized datafixer
[22:46:57] [main/INFO] (Initializer) [Quilt Command] Networking support is enabled
[22:46:58] [main/INFO] (rpmtw_platform_mod) Initializing RPMTW Platform Mod
[22:46:59] [Render thread/INFO] (Minecraft) Environment: authHost='https://authserver.mojang.com', accountsHost='https://api.mojang.com', sessionHost='https://sessionserver.mojang.com', servicesHost='https://api.minecraftservices.com', name='PROD'
[22:47:00] [Render thread/ERROR] (Minecraft) Failed to verify authentication
com.mojang.authlib.exceptions.InvalidCredentialsException: Status: 401
	at com.mojang.authlib.exceptions.MinecraftClientHttpException.toAuthenticationException(MinecraftClientHttpException.java:56) ~[authlib-3.5.41.jar:?]
	at com.mojang.authlib.yggdrasil.YggdrasilUserApiService.fetchProperties(YggdrasilUserApiService.java:140) ~[authlib-3.5.41.jar:?]
	at com.mojang.authlib.yggdrasil.YggdrasilUserApiService.<init>(YggdrasilUserApiService.java:47) ~[authlib-3.5.41.jar:?]
	at com.mojang.authlib.yggdrasil.YggdrasilAuthenticationService.createUserApiService(YggdrasilAuthenticationService.java:158) ~[authlib-3.5.41.jar:?]
	at net.minecraft.client.Minecraft.createUserApiService(Minecraft.java:677) [minecraft-project-@quilt-merged-named.jar:?]
	at net.minecraft.client.Minecraft.<init>(Minecraft.java:415) [minecraft-project-@quilt-merged-named.jar:?]
	at net.minecraft.client.main.Main.main(Main.java:198) [minecraft-project-@quilt-merged-named.jar:?]
	at jdk.internal.reflect.NativeMethodAccessorImpl.invoke0(Native Method) ~[?:?]
	at jdk.internal.reflect.NativeMethodAccessorImpl.invoke(NativeMethodAccessorImpl.java:77) ~[?:?]
	at jdk.internal.reflect.DelegatingMethodAccessorImpl.invoke(DelegatingMethodAccessorImpl.java:43) ~[?:?]
	at java.lang.reflect.Method.invoke(Method.java:568) ~[?:?]
	at org.quiltmc.loader.impl.game.minecraft.MinecraftGameProvider.launch(MinecraftGameProvider.java:423) [quilt-loader-0.17.1-beta.4.jar:?]
	at org.quiltmc.loader.impl.launch.knot.Knot.launch(Knot.java:76) [quilt-loader-0.17.1-beta.4.jar:?]
	at org.quiltmc.loader.impl.launch.knot.KnotClient.main(KnotClient.java:24) [quilt-loader-0.17.1-beta.4.jar:?]
	at net.fabricmc.devlaunchinjector.Main.main(Main.java:86) [dev-launch-injector-0.2.1+build.8.jar:?]
	at dev.architectury.transformer.TransformerRuntime.main(TransformerRuntime.java:217) [architectury-transformer-5.2.67-runtime.jar:5.2.67]
Caused by: com.mojang.authlib.exceptions.MinecraftClientHttpException: Status: 401
	at com.mojang.authlib.minecraft.client.MinecraftClient.readInputStream(MinecraftClient.java:85) ~[authlib-3.5.41.jar:?]
	at com.mojang.authlib.minecraft.client.MinecraftClient.get(MinecraftClient.java:48) ~[authlib-3.5.41.jar:?]
	at com.mojang.authlib.yggdrasil.YggdrasilUserApiService.fetchProperties(YggdrasilUserApiService.java:121) ~[authlib-3.5.41.jar:?]
	... 14 more
[22:47:00] [Render thread/INFO] (Minecraft) Setting user: Player919
[22:47:01] [Render thread/INFO] (Indigo) [Indigo] Registering Indigo renderer!
[22:47:01] [Render thread/INFO] (ClientInitializer) [Quilt Command|Client] Networking support is enabled
[22:47:02] [Render thread/INFO] (Minecraft) Backend library: LWJGL version 3.3.1 build 7
[22:47:04] [Render thread/INFO] (Minecraft) Narrator library for x64 successfully loaded
[22:47:04] [Worker-Main-12/ERROR] (Minecraft) Failed to retrieve profile key pair
java.io.IOException: Could not retrieve profile key pair
	at net.minecraft.client.multiplayer.ProfileKeyPairManager.fetchProfileKeyPair(ProfileKeyPairManager.java:112) ~[minecraft-project-@quilt-merged-named.jar:?]
	at net.minecraft.client.multiplayer.ProfileKeyPairManager.method_44291(ProfileKeyPairManager.java:56) ~[minecraft-project-@quilt-merged-named.jar:?]
	at java.util.concurrent.CompletableFuture$AsyncSupply.run(CompletableFuture.java:1768) [?:?]
	at java.util.concurrent.CompletableFuture$AsyncSupply.exec(CompletableFuture.java:1760) [?:?]
	at java.util.concurrent.ForkJoinTask.doExec(ForkJoinTask.java:373) [?:?]
	at java.util.concurrent.ForkJoinPool$WorkQueue.topLevelExec(ForkJoinPool.java:1182) [?:?]
	at java.util.concurrent.ForkJoinPool.scan(ForkJoinPool.java:1655) [?:?]
	at java.util.concurrent.ForkJoinPool.runWorker(ForkJoinPool.java:1622) [?:?]
	at java.util.concurrent.ForkJoinWorkerThread.run(ForkJoinWorkerThread.java:165) [?:?]
[22:47:04] [Render thread/INFO] (Minecraft) Reloading ResourceManager: Default (Quilt Resource Loader, Quilted Fabric Entity Events (v1), Quilt Block Extensions API, Quilted Fabric Key Binding API (v1), Quilt Crash Info, Quilted Fabric Object Builder API (v1), Quilted Fabric Item API (v1), Quilted Fabric Command API (v2), Quilt Networking, Quilt Command API, Quilted Fabric Item Groups (v0), Quilt Tags API, Quilt Recipe API, Quilted Fabric Loot API (v2), Quilted Fabric Lifecycle Events (v1), Quilted Fabric Game Rule API (v1), Quilted Fabric Transfer API (v1), Quilt Tooltip API, Quilted Fabric Resource Conditions API (v1), Quilted Fabric Rendering (v1), Quilted Fabric API, Quilt Lifecycle Events, Quilted Fabric Message API (v1), Quilted Fabric Dimensions API (v1), Quilted Fabric BlockRenderLayer Registration (v1), Quilted Fabric Screen API (v1), Quilted Fabric Registry Sync (v0), Quilted Fabric Crash Report Info (v1), Cloth Config v6, Quilt Kotlin Libraries, Quilt Base API, Patchouli, Quilted Fabric Events Interaction (v0), Quilt Dimension API, Quilt Registry Entry Attachments, Quilted Fabric Game Test API (v1), Quilt Biome API, Quilted Fabric Renderer - Indigo, Quilt Client Command API, Generated Mod (Please Ignore), Quilt Item Setting API, Quilted Fabric Particles (v1), Quilted Fabric Models (v0), Quilted Fabric Screen Handler API (v1), Quilted Fabric Mining Level API (v1), Quilt Registry API, Quilted Fabric Rendering Fluids (v1), Quilt Item Group API, Quilted Fabric API Lookup API (v1), Quilted Fabric Data Generation API (v1), Quilted Fabric Transitive Access Wideners (v1), Quilted Fabric Renderer API (v1), Quilted Fabric Biome API (v1), Quilt Screen API, Quilted Fabric Networking API (v1), Quilted Fabric Resource Loader (v0), Quilted Fabric Rendering Data Attachment (v1), Quilted Fabric Content Registries (v0), Quilted Fabric Convention Tags API (v1), Mod Menu, Quilted Fabric Textures (v0), Quilt Loader, Quilted Fabric API Base)
[22:47:05] [Realms Notification Availability checker #1/INFO] (Minecraft) Could not authorize you against Realms server: Invalid session id
[22:47:07] [Render thread/INFO] (rpmtw_platform_mod) Registering config
[22:47:07] [Render thread/INFO] (rpmtw_platform_mod) Registered config
[22:47:07] [Render thread/INFO] (rpmtw_platform_mod) Toggled language to English (en_us)
[22:47:08] [Render thread/WARN] (Minecraft) Missing sound for event: minecraft:item.goat_horn.play
[22:47:08] [Render thread/WARN] (Minecraft) Missing sound for event: minecraft:entity.goat.screaming.horn_break
[22:47:08] [Render thread/INFO] (Minecraft) OpenAL initialized on device OpenAL Soft on Acer VG240Y (NVIDIA High Definition Audio)
[22:47:08] [Render thread/INFO] (Minecraft) Sound engine started
[22:47:08] [Render thread/INFO] (Minecraft) Created: 1024x1024x4 minecraft:textures/atlas/blocks.png-atlas
[22:47:08] [Render thread/INFO] (Minecraft) Created: 256x128x4 minecraft:textures/atlas/signs.png-atlas
[22:47:08] [Render thread/INFO] (Minecraft) Created: 1024x512x4 minecraft:textures/atlas/banner_patterns.png-atlas
[22:47:08] [Render thread/INFO] (Minecraft) Created: 1024x512x4 minecraft:textures/atlas/shield_patterns.png-atlas
[22:47:08] [Render thread/INFO] (Minecraft) Created: 256x256x4 minecraft:textures/atlas/chest.png-atlas
[22:47:08] [Render thread/INFO] (Minecraft) Created: 512x256x4 minecraft:textures/atlas/beds.png-atlas
[22:47:08] [Render thread/INFO] (Minecraft) Created: 512x256x4 minecraft:textures/atlas/shulker_boxes.png-atlas
[22:47:09] [Render thread/WARN] (Minecraft) Shader rendertype_entity_translucent_emissive could not find sampler named Sampler2 in the specified shader program.
[22:47:09] [Render thread/INFO] (Minecraft) Created: 512x256x0 minecraft:textures/atlas/particles.png-atlas
[22:47:09] [Render thread/INFO] (Minecraft) Created: 256x256x0 minecraft:textures/atlas/paintings.png-atlas
[22:47:09] [Render thread/INFO] (Minecraft) Created: 256x128x0 minecraft:textures/atlas/mob_effects.png-atlas
[22:47:09] [Render thread/INFO] (patchouli) BookContentResourceListenerLoader preloaded 0 jsons
[22:47:09] [Render thread/INFO] (patchouli) Not reloading resource pack-based books as client world is missing
[22:47:09] [DefaultDispatcher-worker-2/INFO] (rpmtw_platform_mod) [Machine Translation] Loading resources...
[22:47:16] [Render thread/WARN] (Mod Menu) Warning! Mod generated_1479518 has a broken icon, loading default icon
[22:47:16] [Render thread/WARN] (Mod Menu) Warning! Mod generated_ecc7663 has a broken icon, loading default icon
[22:47:18] [Render thread/WARN] (Mod Menu) Warning! Mod rpmtw_platform_mod has a broken icon, loading default icon
[22:47:18] [Worker-Bootstrap-3/INFO] (Minecraft) 4256 Datafixer optimizations took 23593 milliseconds
[22:47:19] [Render thread/ERROR] (Minecraft) ########## GL ERROR ##########
[22:47:19] [Render thread/ERROR] (Minecraft) @ Render
[22:47:19] [Render thread/ERROR] (Minecraft) 65540: Invalid scancode -1
[22:47:21] [Render thread/WARN] (Mod Menu) Warning! Mod rpmtw_platform_mod has a broken icon, loading default icon
[22:48:22] [Render thread/INFO] (Minecraft) Stopping!
[22:48:22] [Render thread/INFO] (rpmtw_platform_mod) Machine translation cache saved.
[22:48:22] [Render thread/INFO] (rpmtw_platform_mod) Universe chat socket closed.
